This is pdfTeX, Version 3.141592653-2.6-1.40.25 (TeX Live 2023/Fedora 39) (preloaded format=pdflatex 2024.7.25)  21 NOV 2024 08:22
entering extended mode
 restricted \write18 enabled.
 %&-line parsing enabled.
**document.tex
(./document.tex
LaTeX2e <2022-11-01> patch level 1
L3 programming layer <2023-02-22>
(/usr/share/texlive/texmf-dist/tex/latex/base/article.cls
Document Class: article 2022/07/02 v1.4n Standard LaTeX document class
(/usr/share/texlive/texmf-dist/tex/latex/base/size12.clo
File: size12.clo 2022/07/02 v1.4n Standard LaTeX file (size option)
)
\c@part=\count185
\c@section=\count186
\c@subsection=\count187
\c@subsubsection=\count188
\c@paragraph=\count189
\c@subparagraph=\count190
\c@figure=\count191
\c@table=\count192
\abovecaptionskip=\skip48
\belowcaptionskip=\skip49
\bibindent=\dimen140
)
(/usr/share/texlive/texmf-dist/tex/latex/base/fontenc.sty
Package: fontenc 2021/04/29 v2.0v Standard LaTeX package
)
(/usr/share/texlive/texmf-dist/tex/latex/geometry/geometry.sty
Package: geometry 2020/01/02 v5.9 Page Geometry

(/usr/share/texlive/texmf-dist/tex/latex/graphics/keyval.sty
Package: keyval 2022/05/29 v1.15 key=value parser (DPC)
\KV@toks@=\toks16
)
(/usr/share/texlive/texmf-dist/tex/generic/iftex/ifvtex.sty
Package: ifvtex 2019/10/25 v1.7 ifvtex legacy package. Use iftex instead.

(/usr/share/texlive/texmf-dist/tex/generic/iftex/iftex.sty
Package: iftex 2022/02/03 v1.0f TeX engine tests
))
\Gm@cnth=\count193
\Gm@cntv=\count194
\c@Gm@tempcnt=\count195
\Gm@bindingoffset=\dimen141
\Gm@wd@mp=\dimen142
\Gm@odd@mp=\dimen143
\Gm@even@mp=\dimen144
\Gm@layoutwidth=\dimen145
\Gm@layoutheight=\dimen146
\Gm@layouthoffset=\dimen147
\Gm@layoutvoffset=\dimen148
\Gm@dimlist=\toks17
)
(/usr/share/texlive/texmf-dist/tex/latex/amsmath/amsmath.sty
Package: amsmath 2022/04/08 v2.17n AMS math features
\@mathmargin=\skip50

For additional information on amsmath, use the `?' option.
(/usr/share/texlive/texmf-dist/tex/latex/amsmath/amstext.sty
Package: amstext 2021/08/26 v2.01 AMS text

(/usr/share/texlive/texmf-dist/tex/latex/amsmath/amsgen.sty
File: amsgen.sty 1999/11/30 v2.0 generic functions
\@emptytoks=\toks18
\ex@=\dimen149
))
(/usr/share/texlive/texmf-dist/tex/latex/amsmath/amsbsy.sty
Package: amsbsy 1999/11/29 v1.2d Bold Symbols
\pmbraise@=\dimen150
)
(/usr/share/texlive/texmf-dist/tex/latex/amsmath/amsopn.sty
Package: amsopn 2022/04/08 v2.04 operator names
)
\inf@bad=\count196
LaTeX Info: Redefining \frac on input line 234.
\uproot@=\count197
\leftroot@=\count198
LaTeX Info: Redefining \overline on input line 399.
LaTeX Info: Redefining \colon on input line 410.
\classnum@=\count199
\DOTSCASE@=\count266
LaTeX Info: Redefining \ldots on input line 496.
LaTeX Info: Redefining \dots on input line 499.
LaTeX Info: Redefining \cdots on input line 620.
\Mathstrutbox@=\box51
\strutbox@=\box52
LaTeX Info: Redefining \big on input line 722.
LaTeX Info: Redefining \Big on input line 723.
LaTeX Info: Redefining \bigg on input line 724.
LaTeX Info: Redefining \Bigg on input line 725.
\big@size=\dimen151
LaTeX Font Info:    Redeclaring font encoding OML on input line 743.
LaTeX Font Info:    Redeclaring font encoding OMS on input line 744.
\macc@depth=\count267
LaTeX Info: Redefining \bmod on input line 905.
LaTeX Info: Redefining \pmod on input line 910.
LaTeX Info: Redefining \smash on input line 940.
LaTeX Info: Redefining \relbar on input line 970.
LaTeX Info: Redefining \Relbar on input line 971.
\c@MaxMatrixCols=\count268
\dotsspace@=\muskip16
\c@parentequation=\count269
\dspbrk@lvl=\count270
\tag@help=\toks19
\row@=\count271
\column@=\count272
\maxfields@=\count273
\andhelp@=\toks20
\eqnshift@=\dimen152
\alignsep@=\dimen153
\tagshift@=\dimen154
\tagwidth@=\dimen155
\totwidth@=\dimen156
\lineht@=\dimen157
\@envbody=\toks21
\multlinegap=\skip51
\multlinetaggap=\skip52
\mathdisplay@stack=\toks22
LaTeX Info: Redefining \[ on input line 2953.
LaTeX Info: Redefining \] on input line 2954.
)
(/usr/share/texlive/texmf-dist/tex/latex/graphics/graphicx.sty
Package: graphicx 2021/09/16 v1.2d Enhanced LaTeX Graphics (DPC,SPQR)

(/usr/share/texlive/texmf-dist/tex/latex/graphics/graphics.sty
Package: graphics 2022/03/10 v1.4e Standard LaTeX Graphics (DPC,SPQR)

(/usr/share/texlive/texmf-dist/tex/latex/graphics/trig.sty
Package: trig 2021/08/11 v1.11 sin cos tan (DPC)
)
(/usr/share/texlive/texmf-dist/tex/latex/graphics-cfg/graphics.cfg
File: graphics.cfg 2016/06/04 v1.11 sample graphics configuration
)
Package graphics Info: Driver file: pdftex.def on input line 107.

(/usr/share/texlive/texmf-dist/tex/latex/graphics-def/pdftex.def
File: pdftex.def 2022/09/22 v1.2b Graphics/color driver for pdftex
))
\Gin@req@height=\dimen158
\Gin@req@width=\dimen159
)
(/usr/share/texlive/texmf-dist/tex/latex/l3backend/l3backend-pdftex.def
File: l3backend-pdftex.def 2023-01-16 L3 backend support: PDF output (pdfTeX)
\l__color_backend_stack_int=\count274
\l__pdf_internal_box=\box53
)
(./document.aux)
\openout1 = `document.aux'.

LaTeX Font Info:    Checking defaults for OML/cmm/m/it on input line 9.
LaTeX Font Info:    ... okay on input line 9.
LaTeX Font Info:    Checking defaults for OMS/cmsy/m/n on input line 9.
LaTeX Font Info:    ... okay on input line 9.
LaTeX Font Info:    Checking defaults for OT1/cmr/m/n on input line 9.
LaTeX Font Info:    ... okay on input line 9.
LaTeX Font Info:    Checking defaults for T1/cmr/m/n on input line 9.
LaTeX Font Info:    ... okay on input line 9.
LaTeX Font Info:    Checking defaults for TS1/cmr/m/n on input line 9.
LaTeX Font Info:    ... okay on input line 9.
LaTeX Font Info:    Checking defaults for OMX/cmex/m/n on input line 9.
LaTeX Font Info:    ... okay on input line 9.
LaTeX Font Info:    Checking defaults for U/cmr/m/n on input line 9.
LaTeX Font Info:    ... okay on input line 9.

*geometry* driver: auto-detecting
*geometry* detected driver: pdftex
*geometry* verbose mode - [ preamble ] result:
* driver: pdftex
* paper: a4paper
* layout: <same size as paper>
* layoutoffset:(h,v)=(0.0pt,0.0pt)
* modes: 
* h-part:(L,W,R)=(28.45274pt, 540.60239pt, 28.45274pt)
* v-part:(T,H,B)=(28.45274pt, 788.14136pt, 28.45274pt)
* \paperwidth=597.50787pt
* \paperheight=845.04684pt
* \textwidth=540.60239pt
* \textheight=788.14136pt
* \oddsidemargin=-43.81725pt
* \evensidemargin=-43.81725pt
* \topmargin=-80.81725pt
* \headheight=12.0pt
* \headsep=25.0pt
* \topskip=12.0pt
* \footskip=30.0pt
* \marginparwidth=35.0pt
* \marginparsep=10.0pt
* \columnsep=10.0pt
* \skip\footins=10.8pt plus 4.0pt minus 2.0pt
* \hoffset=0.0pt
* \voffset=0.0pt
* \mag=1000
* \@twocolumnfalse
* \@twosidefalse
* \@mparswitchfalse
* \@reversemarginfalse
* (1in=72.27pt=25.4mm, 1cm=28.453pt)

(/usr/share/texlive/texmf-dist/tex/context/base/mkii/supp-pdf.mkii
[Loading MPS to PDF converter (version 2006.09.02).]
\scratchcounter=\count275
\scratchdimen=\dimen160
\scratchbox=\box54
\nofMPsegments=\count276
\nofMParguments=\count277
\everyMPshowfont=\toks23
\MPscratchCnt=\count278
\MPscratchDim=\dimen161
\MPnumerator=\count279
\makeMPintoPDFobject=\count280
\everyMPtoPDFconversion=\toks24
) (/usr/share/texlive/texmf-dist/tex/latex/epstopdf-pkg/epstopdf-base.sty
Package: epstopdf-base 2020-01-24 v2.11 Base part for package epstopdf
Package epstopdf-base Info: Redefining graphics rule for `.eps' on input line 4
85.

(/usr/share/texlive/texmf-dist/tex/latex/latexconfig/epstopdf-sys.cfg
File: epstopdf-sys.cfg 2010/07/13 v1.3 Configuration of (r)epstopdf for TeX Liv
e
))
<sigma1.png, id=1, 587.19376pt x 453.695pt>
File: sigma1.png Graphic file (type png)
<use sigma1.png>
Package pdftex.def Info: sigma1.png  used on input line 26.
(pdftex.def)             Requested size: 284.52756pt x 219.84105pt.
<sigma2.png, id=3, 587.19376pt x 453.695pt>
File: sigma2.png Graphic file (type png)
<use sigma2.png>
Package pdftex.def Info: sigma2.png  used on input line 27.
(pdftex.def)             Requested size: 284.52756pt x 219.84105pt.

Overfull \hbox (31.06322pt too wide) in paragraph at lines 23--29
[] []
 []


Underfull \hbox (badness 10000) in paragraph at lines 23--29

 []

[1

{/var/lib/texmf/fonts/map/pdftex/updmap/pdftex.map}{/usr/share/texlive/texmf-di
st/fonts/enc/dvips/cm-super/cm-super-t1.enc} <./sigma1.png> <./sigma2.png>]
<sigma3.png, id=21, 580.1675pt x 452.69125pt>
File: sigma3.png Graphic file (type png)
<use sigma3.png>
Package pdftex.def Info: sigma3.png  used on input line 32.
(pdftex.def)             Requested size: 284.52756pt x 222.00716pt.
<sigma4.png, id=22, 580.1675pt x 452.69125pt>
File: sigma4.png Graphic file (type png)
<use sigma4.png>
Package pdftex.def Info: sigma4.png  used on input line 33.
(pdftex.def)             Requested size: 284.52756pt x 222.00716pt.
<sigma5.png, id=23, 600.2425pt x 457.71pt>
File: sigma5.png Graphic file (type png)
<use sigma5.png>
Package pdftex.def Info: sigma5.png  used on input line 34.
(pdftex.def)             Requested size: 284.52756pt x 216.96753pt.
<sigma6.png, id=24, 661.47125pt x 447.6725pt>
File: sigma6.png Graphic file (type png)
<use sigma6.png>
Package pdftex.def Info: sigma6.png  used on input line 38.
(pdftex.def)             Requested size: 184.9429pt x 125.16301pt.
<sigma7.png, id=25, 605.26125pt x 449.68pt>
File: sigma7.png Graphic file (type png)
<use sigma7.png>
Package pdftex.def Info: sigma7.png  used on input line 39.
(pdftex.def)             Requested size: 184.9429pt x 137.40263pt.
<sigma8.png, id=26, 605.26125pt x 449.68pt>
File: sigma8.png Graphic file (type png)
<use sigma8.png>
Package pdftex.def Info: sigma8.png  used on input line 40.
(pdftex.def)             Requested size: 184.9429pt x 137.40263pt.
<sigma9.png, id=27, 605.26125pt x 449.68pt>
File: sigma9.png Graphic file (type png)
<use sigma9.png>
Package pdftex.def Info: sigma9.png  used on input line 41.
(pdftex.def)             Requested size: 184.9429pt x 137.40263pt.
<sigma10.png, id=28, 605.26125pt x 449.68pt>
File: sigma10.png Graphic file (type png)
<use sigma10.png>
Package pdftex.def Info: sigma10.png  used on input line 42.
(pdftex.def)             Requested size: 184.9429pt x 137.40263pt.
<sigma11.png, id=29, 645.41125pt x 452.69125pt>
File: sigma11.png Graphic file (type png)
<use sigma11.png>
Package pdftex.def Info: sigma11.png  used on input line 43.
(pdftex.def)             Requested size: 184.9429pt x 129.716pt.
<sigma12.png, id=30, 566.115pt x 451.6875pt>
File: sigma12.png Graphic file (type png)
<use sigma12.png>
Package pdftex.def Info: sigma12.png  used on input line 44.
(pdftex.def)             Requested size: 184.9429pt x 147.56172pt.
<sigma13.png, id=31, 571.13374pt x 450.68375pt>
File: sigma13.png Graphic file (type png)
<use sigma13.png>
Package pdftex.def Info: sigma13.png  used on input line 45.
(pdftex.def)             Requested size: 184.9429pt x 145.94095pt.
<sigma14.png, id=32, 566.115pt x 451.6875pt>
File: sigma14.png Graphic file (type png)
<use sigma14.png>
Package pdftex.def Info: sigma14.png  used on input line 46.
(pdftex.def)             Requested size: 184.9429pt x 147.56172pt.

Overfull \hbox (19.4473pt too wide) in paragraph at lines 38--47
[] [] [] 
 []


Overfull \hbox (19.4473pt too wide) in paragraph at lines 38--47
[] [] [] 
 []


Overfull \hbox (19.4473pt too wide) in paragraph at lines 38--47
[] [] [] 
 []


Underfull \hbox (badness 10000) in paragraph at lines 38--47

 []

[2 <./sigma3.png> <./sigma4.png> <./sigma5.png>] [3 <./sigma6.png> <./sigma7.pn
g> <./sigma8.png> <./sigma9.png> <./sigma10.png> <./sigma11.png> <./sigma12.png
> <./sigma13.png> <./sigma14.png>] (./document.aux) ) 
Here is how much of TeX's memory you used:
 2913 strings out of 476034
 43290 string characters out of 5792854
 1857388 words of memory out of 6000000
 23354 multiletter control sequences out of 15000+600000
 522440 words of font info for 56 fonts, out of 8000000 for 9000
 1137 hyphenation exceptions out of 8191
 57i,9n,62p,230b,208s stack positions out of 10000i,1000n,20000p,200000b,200000s
</usr/share/texlive/texmf-
dist/fonts/type1/public/amsfonts/cm/cmmi12.pfb></usr/share/texlive/texmf-dist/f
onts/type1/public/amsfonts/cm/cmmi6.pfb></usr/share/texlive/texmf-dist/fonts/ty
pe1/public/amsfonts/cm/cmmi8.pfb></usr/share/texlive/texmf-dist/fonts/type1/pub
lic/amsfonts/cm/cmr12.pfb></usr/share/texlive/texmf-dist/fonts/type1/public/ams
fonts/cm/cmr6.pfb></usr/share/texlive/texmf-dist/fonts/type1/public/amsfonts/cm
/cmr8.pfb></usr/share/texlive/texmf-dist/fonts/type1/public/amsfonts/cm/cmsy10.
pfb></usr/share/texlive/texmf-dist/fonts/type1/public/amsfonts/cm/cmsy6.pfb></u
sr/share/texlive/texmf-dist/fonts/type1/public/cm-super/sfbx1728.pfb></usr/shar
e/texlive/texmf-dist/fonts/type1/public/cm-super/sfrm1200.pfb></usr/share/texli
ve/texmf-dist/fonts/type1/public/cm-super/sfrm1440.pfb></usr/share/texlive/texm
f-dist/fonts/type1/public/cm-super/sfrm2074.pfb>
Output written on document.pdf (3 pages, 425933 bytes).
PDF statistics:
 104 PDF objects out of 1000 (max. 8388607)
 46 compressed objects within 1 object stream
 0 named destinations out of 1000 (max. 500000)
 71 words of extra memory for PDF output out of 10000 (max. 10000000)

